<?xml version="1.0" encoding="UTF-8"?>
<!-- Generated by org.testng.reporters.JUnitXMLReporter -->
<testsuite hostname="Mansi" ignored="0" name="Test" tests="1" failures="1" timestamp="2020-09-08T17:54:27 IST" time="12.184" errors="0">
  <testcase name="loginTest" time="11.546" classname="com.chirag.seljava.ohrm.testcases.HomeLoginTest">
    <failure type="java.lang.AssertionError" message="URL is not as expected expected [true] but found [false]">
      <![CDATA[java.lang.AssertionError: URL is not as expected expected [true] but found [false]
at com.chirag.seljava.ohrm.testcases.HomeLoginTest.loginTest(HomeLoginTest.java:25)
at java.util.ArrayList.forEach(Unknown Source)
... Removed 30 stack frames]]>
    </failure>
  </testcase> <!-- loginTest -->
</testsuite> <!-- Test -->
